<?xml version="1.0" encoding="UTF-8"?>
<testng-results ignored="0" total="1" passed="1" failed="0" skipped="0">
  <reporter-output>
    <line>
      <![CDATA[Supplier-00000003290        Supplier-00000003290]]>
    </line>
  </reporter-output>
  <suite started-at="2024-05-21T10:49:09 IST" name="Default suite" finished-at="2024-05-21T10:49:31 IST" duration-ms="22274">
    <groups>
    </groups>
    <test started-at="2024-05-21T10:49:09 IST" name="Default test" finished-at="2024-05-21T10:49:31 IST" duration-ms="22274">
      <class name="driverFactory.AppTest">
        <test-method signature="kickStart()[pri:0, instance:driverFactory.AppTest@55b699ef]" started-at="2024-05-21T10:49:09 IST" name="kickStart" finished-at="2024-05-21T10:49:31 IST" duration-ms="22193" status="PASS">
          <reporter-output>
            <line>
              <![CDATA[Supplier-00000003290        Supplier-00000003290]]>
            </line>
          </reporter-output>
        </test-method> <!-- kickStart -->
      </class> <!-- driverFactory.AppTest -->
    </test> <!-- Default test -->
  </suite> <!-- Default suite -->
</testng-results>
