<?xml version="1.0" encoding="UTF-8"?>
<testng-results ignored="0" total="1" passed="1" failed="0" skipped="0">
  <reporter-output>
    <line>
      <![CDATA[Stock-000001586    Stock-000001586]]>
    </line>
    <line>
      <![CDATA[Supplier-00000003399        Supplier-00000003399]]>
    </line>
    <line>
      <![CDATA[Customer-00000005985    Customer-00000005985]]>
    </line>
  </reporter-output>
  <suite started-at="2024-05-25T13:47:14 IST" name="Surefire suite" finished-at="2024-05-25T13:48:26 IST" duration-ms="71861">
    <groups>
    </groups>
    <test started-at="2024-05-25T13:47:14 IST" name="Surefire test" finished-at="2024-05-25T13:48:26 IST" duration-ms="71861">
      <class name="driverFactory.AppTest">
        <test-method signature="kickStart()[pri:0, instance:driverFactory.AppTest@75f32542]" started-at="2024-05-25T13:47:14 IST" name="kickStart" finished-at="2024-05-25T13:48:26 IST" duration-ms="71783" status="PASS">
          <reporter-output>
            <line>
              <![CDATA[Stock-000001586    Stock-000001586]]>
            </line>
            <line>
              <![CDATA[Supplier-00000003399        Supplier-00000003399]]>
            </line>
            <line>
              <![CDATA[Customer-00000005985    Customer-00000005985]]>
            </line>
          </reporter-output>
        </test-method> <!-- kickStart -->
      </class> <!-- driverFactory.AppTest -->
    </test> <!-- Surefire test -->
  </suite> <!-- Surefire suite -->
</testng-results>
